### Start Fri Jan 13 16:41:48 2017
# /opt/oracle/solarisstudio12.4/bin/../bin/amd64/er_archive -nA -O /zhome/94/d/114308/Documents/shared/assign2/parallelization_v1/collector.3641723.er/er_archive.log /zhome/94/d/114308/Documents/shared/assign2/parallelization_v1/collector.3641723.er
Copying `/zhome/94/d/114308/Documents/shared/assign2/parallelization_v1/poisson'
  to `/zhome/94/d/114308/Documents/shared/assign2/parallelization_v1/collector.3641723.er/archives/poisson_0SLmLqb_a_5'
Copying `/lib64/ld-2.12.so'
  to `/zhome/94/d/114308/Documents/shared/assign2/parallelization_v1/collector.3641723.er/archives/ld-2.12.so_aP_8v-wjLK7'
Copying `/lib64/libdl-2.12.so'
  to `/zhome/94/d/114308/Documents/shared/assign2/parallelization_v1/collector.3641723.er/archives/libdl-2.12.so_aP_8v-wjLK7'
Copying `/lib64/libc-2.12.so'
  to `/zhome/94/d/114308/Documents/shared/assign2/parallelization_v1/collector.3641723.er/archives/libc-2.12.so_aP_8v-wjLK7'
Copying `/lib64/libpthread-2.12.so'
  to `/zhome/94/d/114308/Documents/shared/assign2/parallelization_v1/collector.3641723.er/archives/libpthread-2.12.so_aP_8v-wjLK7'
Copying `/lib64/librt-2.12.so'
  to `/zhome/94/d/114308/Documents/shared/assign2/parallelization_v1/collector.3641723.er/archives/librt-2.12.so_aP_8v-wjLK7'
Copying `/lib64/libm-2.12.so'
  to `/zhome/94/d/114308/Documents/shared/assign2/parallelization_v1/collector.3641723.er/archives/libm-2.12.so_aP_8v-wjLK7'
Copying `/opt/oracle/solarisstudio12.4/lib/compilers/rtlibs/usr/lib/amd64/libmtsk_crt.so.1'
  to `/zhome/94/d/114308/Documents/shared/assign2/parallelization_v1/collector.3641723.er/archives/libmtsk_crt.so.1_QFVeeoiOyH5'
Copying `/opt/oracle/solarisstudio12.4/lib/compilers/rtlibs/usr/lib/amd64/libmtsk.so.1'
  to `/zhome/94/d/114308/Documents/shared/assign2/parallelization_v1/collector.3641723.er/archives/libmtsk.so.1_QFVeeoiOyH5'
Copying `/opt/oracle/solarisstudio12.4/lib/analyzer/amd64/runtime/libcollector.so'
  to `/zhome/94/d/114308/Documents/shared/assign2/parallelization_v1/collector.3641723.er/archives/libcollector.so_QoIRzKtiYk4'
